Using pre-set license
Built from '2020.3/staging' branch; Version is '2020.3.19f1 (68f137dc9bbe) revision 6877495'; Using compiler version '192528614'; Build Type 'Release'
OS: 'Windows 10 Pro; OS build 19043.1237; Version 2009; 64bit' Language: 'es' Physical Memory: 16342 MB
BatchMode: 1, IsHumanControllingUs: 0, StartBugReporterOnCrash: 0, Is64bit: 1, IsPro: 0

COMMAND LINE ARGUMENTS:
C:\Program Files\Unity\Hub\Editor\2020.3.19f1\Editor\Unity.exe
-adb2
-batchMode
-noUpm
-name
AssetImportWorker0
-projectPath
C:/Users/segundo/Clase
-logFile
Logs/AssetImportWorker0.log
-srvPort
63270
Successfully changed project path to: C:/Users/segundo/Clase
C:/Users/segundo/Clase
Using Asset Import Pipeline V2.
Refreshing native plugins compatible for Editor in 30.50 ms, found 2 plugins.
Preloading 0 native plugins for Editor in 0.00 ms.
Initialize engine version: 2020.3.19f1 (68f137dc9bbe)
[Subsystems] Discovering subsystems at path C:/Program Files/Unity/Hub/Editor/2020.3.19f1/Editor/Data/Resources/UnitySubsystems
[Subsystems] Discovering subsystems at path C:/Users/segundo/Clase/Assets
GfxDevice: creating device client; threaded=0
Direct3D:
    Version:  Direct3D 11.0 [level 11.1]
    Renderer: NVIDIA GeForce GTX 1050 Ti (ID=0x1c82)
    Vendor:   
    VRAM:     4018 MB
    Driver:   27.21.14.5671
Initialize mono
Mono path[0] = 'C:/Program Files/Unity/Hub/Editor/2020.3.19f1/Editor/Data/Managed'
Mono path[1] = 'C:/Program Files/Unity/Hub/Editor/2020.3.19f1/Editor/Data/MonoBleedingEdge/lib/mono/unityjit'
Mono config path = 'C:/Program Files/Unity/Hub/Editor/2020.3.19f1/Editor/Data/MonoBleedingEdge/etc'
Using monoOptions --debugger-agent=transport=dt_socket,embedding=1,server=y,suspend=n,address=127.0.0.1:56980
Begin MonoManager ReloadAssembly
Registering precompiled unity dll's ...
Register platform support module: C:/Program Files/Unity/Hub/Editor/2020.3.19f1/Editor/Data/PlaybackEngines/WindowsStandaloneSupport/UnityEditor.WindowsStandalone.Extensions.dll
Registered in 0.001872 seconds.
Native extension for WindowsStandalone target not found
Refreshing native plugins compatible for Editor in 29.06 ms, found 2 plugins.
Preloading 0 native plugins for Editor in 0.00 ms.
Mono: successfully reloaded assembly
- Completed reload, in  1.132 seconds
Domain Reload Profiling:
	ReloadAssembly (1133ms)
		BeginReloadAssembly (58ms)
			ExecutionOrderSort (0ms)
			DisableScriptedObjects (0ms)
			BackupInstance (0ms)
			ReleaseScriptingObjects (0ms)
			CreateAndSetChildDomain (1ms)
		EndReloadAssembly (430ms)
			LoadAssemblies (56ms)
			RebuildTransferFunctionScriptingTraits (0ms)
			SetupTypeCache (165ms)
			ReleaseScriptCaches (0ms)
			RebuildScriptCaches (33ms)
			SetupLoadedEditorAssemblies (160ms)
				LogAssemblyErrors (0ms)
				InitializePlatformSupportModulesInManaged (4ms)
				SetLoadedEditorAssemblies (0ms)
				RefreshPlugins (29ms)
				BeforeProcessingInitializeOnLoad (9ms)
				ProcessInitializeOnLoadAttributes (87ms)
				ProcessInitializeOnLoadMethodAttributes (30ms)
				AfterProcessingInitializeOnLoad (0ms)
				EditorAssembliesLoaded (0ms)
			ExecutionOrderSort2 (0ms)
			AwakeInstancesAfterBackupRestoration (0ms)
Platform modules already initialized, skipping
Registering precompiled user dll's ...
Registered in 0.002754 seconds.
Begin MonoManager ReloadAssembly
Native extension for WindowsStandalone target not found
Refreshing native plugins compatible for Editor in 0.49 ms, found 2 plugins.
Preloading 0 native plugins for Editor in 0.00 ms.
Mono: successfully reloaded assembly
- Completed reload, in  1.072 seconds
Domain Reload Profiling:
	ReloadAssembly (1073ms)
		BeginReloadAssembly (157ms)
			ExecutionOrderSort (0ms)
			DisableScriptedObjects (5ms)
			BackupInstance (0ms)
			ReleaseScriptingObjects (0ms)
			CreateAndSetChildDomain (20ms)
		EndReloadAssembly (849ms)
			LoadAssemblies (90ms)
			RebuildTransferFunctionScriptingTraits (0ms)
			SetupTypeCache (294ms)
			ReleaseScriptCaches (0ms)
			RebuildScriptCaches (47ms)
			SetupLoadedEditorAssemblies (314ms)
				LogAssemblyErrors (0ms)
				InitializePlatformSupportModulesInManaged (5ms)
				SetLoadedEditorAssemblies (0ms)
				RefreshPlugins (1ms)
				BeforeProcessingInitializeOnLoad (57ms)
				ProcessInitializeOnLoadAttributes (239ms)
				ProcessInitializeOnLoadMethodAttributes (5ms)
				AfterProcessingInitializeOnLoad (7ms)
				EditorAssembliesLoaded (0ms)
			ExecutionOrderSort2 (0ms)
			AwakeInstancesAfterBackupRestoration (7ms)
Platform modules already initialized, skipping
========================================================================
Worker process is ready to serve import requests
Launched and connected shader compiler UnityShaderCompiler.exe after 0.05 seconds
Refreshing native plugins compatible for Editor in 0.46 ms, found 2 plugins.
Preloading 0 native plugins for Editor in 0.00 ms.
Unloading 1397 Unused Serialized files (Serialized files now loaded: 0)
System memory in use before: 64.8 MB.
System memory in use after: 64.9 MB.

Unloading 16 unused Assets to reduce memory usage. Loaded Objects now: 1832.
Total: 4.170600 ms (FindLiveObjects: 0.559900 ms CreateObjectMapping: 0.098800 ms MarkObjects: 3.384900 ms  DeleteObjects: 0.125000 ms)

AssetImportParameters requested are different than current active one (requested -> active):
  custom:framework-win-MediaFoundation: 216162199b28c13a410421893ffa2e32 -> 
  custom:video-decoder-ogg-theora: a1e56fd34408186e4bbccfd4996cb3dc -> 
  custom:container-muxer-webm: aa71ff27fc2769a1b78a27578f13a17b -> 
  custom:container-demuxer-webm: 4f35f7cbe854078d1ac9338744f61a02 -> 
  custom:container-demuxer-ogg: 62fdf1f143b41e24485cea50d1cbac27 -> 
  custom:video-encoder-webm-vp8: eb34c28f22e8b96e1ab97ce403110664 -> 
  custom:video-decoder-webm-vp8: 9c59270c3fd7afecdb556c50c9e8de78 -> 
  custom:audio-decoder-ogg-vorbis: bf7c407c2cedff20999df2af8eb42d56 -> 
  custom:audio-encoder-webm-vorbis: bf7c407c2cedff20999df2af8eb42d56 -> 
========================================================================
Received Import Request.
  path: Assets/Materials/Red_mat.mat
  artifactKey: Guid(2650724cc9a9d4d47bbe841b70efbdef) Importer(815301076,1909f56bfc062723c751e8b465ee728b)
Start importing Assets/Materials/Red_mat.mat using Guid(2650724cc9a9d4d47bbe841b70efbdef) Importer(815301076,1909f56bfc062723c751e8b465ee728b)  -> (artifact id: '5b52ee5ca622ad46d6933a854f3317de') in 0.103276 seconds 
  Import took 0.106116 seconds .

========================================================================
Received Import Request.
  Time since last request: 0.000280 seconds.
  path: Assets/Materials/black_mat.mat
  artifactKey: Guid(9db2cc34a3938da49b6384bc580a70c6) Importer(815301076,1909f56bfc062723c751e8b465ee728b)
Start importing Assets/Materials/black_mat.mat using Guid(9db2cc34a3938da49b6384bc580a70c6) Importer(815301076,1909f56bfc062723c751e8b465ee728b)  -> (artifact id: '823e21c99194e222db60f89ca130aec7') in 0.008895 seconds 
  Import took 0.011712 seconds .

========================================================================
Received Import Request.
  Time since last request: 109.171629 seconds.
  path: Assets/Prefabs/Robot_bueno.prefab
  artifactKey: Guid(c106bfec8f866f649a04dc3a48a087ba) Importer(815301076,1909f56bfc062723c751e8b465ee728b)
Start importing Assets/Prefabs/Robot_bueno.prefab using Guid(c106bfec8f866f649a04dc3a48a087ba) Importer(815301076,1909f56bfc062723c751e8b465ee728b)  -> (artifact id: '9f77165412c937b8507e1e8d8c264301') in 0.023316 seconds 
  Import took 0.026187 seconds .

========================================================================
Received Import Request.
  Time since last request: 7.144501 seconds.
  path: Assets/Prefabs/Robot_bueno.prefab
  artifactKey: Guid(c106bfec8f866f649a04dc3a48a087ba) Importer(815301076,1909f56bfc062723c751e8b465ee728b)
Start importing Assets/Prefabs/Robot_bueno.prefab using Guid(c106bfec8f866f649a04dc3a48a087ba) Importer(815301076,1909f56bfc062723c751e8b465ee728b)  -> (artifact id: '3fca9db32f66c4a5cac1720e7d5e98e7') in 0.010981 seconds 
  Import took 0.013477 seconds .

========================================================================
Received Import Request.
  Time since last request: 46.723249 seconds.
  path: Assets/Prefabs/Robot_bueno.prefab
  artifactKey: Guid(c106bfec8f866f649a04dc3a48a087ba) Importer(815301076,1909f56bfc062723c751e8b465ee728b)
Start importing Assets/Prefabs/Robot_bueno.prefab using Guid(c106bfec8f866f649a04dc3a48a087ba) Importer(815301076,1909f56bfc062723c751e8b465ee728b)  -> (artifact id: '9b99379db593ce505b92c14da600c9c8') in 0.008699 seconds 
  Import took 0.012071 seconds .

========================================================================
Received Import Request.
  Time since last request: 17.832410 seconds.
  path: Assets/Prefabs/Robot_bueno.prefab
  artifactKey: Guid(c106bfec8f866f649a04dc3a48a087ba) Importer(815301076,1909f56bfc062723c751e8b465ee728b)
Start importing Assets/Prefabs/Robot_bueno.prefab using Guid(c106bfec8f866f649a04dc3a48a087ba) Importer(815301076,1909f56bfc062723c751e8b465ee728b)  -> (artifact id: 'bd177c83c530232c8b65e606392801f3') in 0.012445 seconds 
  Import took 0.016205 seconds .

========================================================================
Received Import Request.
  Time since last request: 90.315428 seconds.
  path: Assets/Prefabs/Player.prefab
  artifactKey: Guid(c106bfec8f866f649a04dc3a48a087ba) Importer(815301076,1909f56bfc062723c751e8b465ee728b)
Start importing Assets/Prefabs/Player.prefab using Guid(c106bfec8f866f649a04dc3a48a087ba) Importer(815301076,1909f56bfc062723c751e8b465ee728b)  -> (artifact id: '65e429572c1008f05f66577c31ffd95e') in 0.009690 seconds 
  Import took 0.014446 seconds .

========================================================================
Received Import Request.
  Time since last request: 91.891575 seconds.
  path: Assets/Prefabs/Player_prefab.prefab
  artifactKey: Guid(c106bfec8f866f649a04dc3a48a087ba) Importer(815301076,1909f56bfc062723c751e8b465ee728b)
Start importing Assets/Prefabs/Player_prefab.prefab using Guid(c106bfec8f866f649a04dc3a48a087ba) Importer(815301076,1909f56bfc062723c751e8b465ee728b)  -> (artifact id: 'cdf941ea4d743052184bd5bfcae4d14f') in 0.011187 seconds 
  Import took 0.013924 seconds .

========================================================================
Received Import Request.
  Time since last request: 20.641084 seconds.
  path: Assets/Prefabs/Player_prefab_variant.prefab
  artifactKey: Guid(a23966b9aa6825c499582a3b5edc8cdd) Importer(815301076,1909f56bfc062723c751e8b465ee728b)
Start importing Assets/Prefabs/Player_prefab_variant.prefab using Guid(a23966b9aa6825c499582a3b5edc8cdd) Importer(815301076,1909f56bfc062723c751e8b465ee728b)  -> (artifact id: '9a6753ddbe4961236c030bd0e389faa5') in 0.010206 seconds 
  Import took 0.013266 seconds .

========================================================================
Received Import Request.
  Time since last request: 84.059374 seconds.
  path: Assets/Prefabs/Player2 Variant.prefab
  artifactKey: Guid(a23966b9aa6825c499582a3b5edc8cdd) Importer(815301076,1909f56bfc062723c751e8b465ee728b)
Start importing Assets/Prefabs/Player2 Variant.prefab using Guid(a23966b9aa6825c499582a3b5edc8cdd) Importer(815301076,1909f56bfc062723c751e8b465ee728b)  -> (artifact id: 'f87b8872189bd6cd0a6b9eff9fe61e2e') in 0.010458 seconds 
  Import took 0.013423 seconds .

========================================================================
Received Import Request.
  Time since last request: 196.636144 seconds.
  path: Assets/Prefabs/Player (1) Variant.prefab
  artifactKey: Guid(16af37a45c3c8b04b927bf97dfe7edef) Importer(815301076,1909f56bfc062723c751e8b465ee728b)
Start importing Assets/Prefabs/Player (1) Variant.prefab using Guid(16af37a45c3c8b04b927bf97dfe7edef) Importer(815301076,1909f56bfc062723c751e8b465ee728b)  -> (artifact id: '0bd1604643ef23fbb5f8d753fbbb531d') in 0.011109 seconds 
  Import took 0.015321 seconds .

========================================================================
Received Import Request.
  Time since last request: 211.752619 seconds.
  path: Assets/Prefabs/Player (1).prefab
  artifactKey: Guid(45bc710676fbcd444b5ea4c72e2c6a78) Importer(815301076,1909f56bfc062723c751e8b465ee728b)
Start importing Assets/Prefabs/Player (1).prefab using Guid(45bc710676fbcd444b5ea4c72e2c6a78) Importer(815301076,1909f56bfc062723c751e8b465ee728b)  -> (artifact id: 'a9ca99a21ac45129cab6d133681955ce') in 0.010802 seconds 
  Import took 0.013593 seconds .

========================================================================
Received Import Request.
  Time since last request: 95.517214 seconds.
  path: Assets/Prefabs/Player.prefab
  artifactKey: Guid(45bc710676fbcd444b5ea4c72e2c6a78) Importer(815301076,1909f56bfc062723c751e8b465ee728b)
Start importing Assets/Prefabs/Player.prefab using Guid(45bc710676fbcd444b5ea4c72e2c6a78) Importer(815301076,1909f56bfc062723c751e8b465ee728b)  -> (artifact id: '59d54902363963365db396e1158af905') in 0.010648 seconds 
  Import took 0.013332 seconds .

========================================================================
Received Import Request.
  Time since last request: 606.939764 seconds.
  path: Assets/Textures/TexturesCom_Grass0202_2_M.jpg
  artifactKey: Guid(2bcab74ddae3c7a4f9e4b94c147a1dd2) Importer(815301076,1909f56bfc062723c751e8b465ee728b)
Start importing Assets/Textures/TexturesCom_Grass0202_2_M.jpg using Guid(2bcab74ddae3c7a4f9e4b94c147a1dd2) Importer(815301076,1909f56bfc062723c751e8b465ee728b)  -> (artifact id: '1fab35ecfc587e28f76e1d2f6adc924a') in 0.026826 seconds 
  Import took 0.030758 seconds .

========================================================================
Received Import Request.
  Time since last request: 43.011383 seconds.
  path: Assets/Textures/Alfombra_text.jpg
  artifactKey: Guid(2bcab74ddae3c7a4f9e4b94c147a1dd2) Importer(815301076,1909f56bfc062723c751e8b465ee728b)
Start importing Assets/Textures/Alfombra_text.jpg using Guid(2bcab74ddae3c7a4f9e4b94c147a1dd2) Importer(815301076,1909f56bfc062723c751e8b465ee728b)  -> (artifact id: '3c283f11ae7b95ff24ba3412fdf1b868') in 0.007886 seconds 
  Import took 0.010473 seconds .

========================================================================
Received Import Request.
  Time since last request: 59.716319 seconds.
  path: Assets/Materials/blu_mat.mat
  artifactKey: Guid(232db0cee4068ac48a793420ab1f5f89) Importer(815301076,1909f56bfc062723c751e8b465ee728b)
Start importing Assets/Materials/blu_mat.mat using Guid(232db0cee4068ac48a793420ab1f5f89) Importer(815301076,1909f56bfc062723c751e8b465ee728b)  -> (artifact id: 'd1cef9e08f9f6501cda6a61b859a6e73') in 0.011260 seconds 
  Import took 0.014120 seconds .

========================================================================
Received Import Request.
  Time since last request: 0.000335 seconds.
  path: Assets/Materials/Red_mat.mat
  artifactKey: Guid(2650724cc9a9d4d47bbe841b70efbdef) Importer(815301076,1909f56bfc062723c751e8b465ee728b)
Start importing Assets/Materials/Red_mat.mat using Guid(2650724cc9a9d4d47bbe841b70efbdef) Importer(815301076,1909f56bfc062723c751e8b465ee728b)  -> (artifact id: 'b5fbd4216cf11d664937d3c7d06d5266') in 0.015151 seconds 
  Import took 0.018575 seconds .

AssetImportWorkerClient::OnTransportError - code=2 error=End of file
